2024.07.23 06:08:40 INFO  Started: Metals version 1.3.3 in folders 'C:\Users\LENOVO\Desktop\scala\Scala\labsheet01' for client Visual Studio Code 1.91.1.
SLF4J(W): Class path contains multiple SLF4J providers.
SLF4J(W): Found provider [scribe.slf4j.ScribeServiceProvider@78681bc5]
SLF4J(W): Found provider [ch.qos.logback.classic.spi.LogbackServiceProvider@5a47eb04]
SLF4J(W): See https://www.slf4j.org/codes.html#multiple_bindings for an explanation.
SLF4J(I): Actual provider is of type [scribe.slf4j.ScribeServiceProvider@78681bc5]
2024.07.23 06:08:40 WARN  Flyway upgrade recommended: H2 2.2.224 is newer than this version of Flyway and support has not been tested. The latest supported version of H2 is 2.2.220.
2024.07.23 06:08:41 INFO  no build target found for C:\Users\LENOVO\Desktop\scala\Scala\labsheet01\labsheet1.scala. Using presentation compiler with project's scala-library version: 3.3.3
2024.07.23 06:08:46 INFO  Running List(C:\Users\LENOVO\AppData\Local\Coursier\data\bin\scala-cli.BAT, setup-ide, C:\Users\LENOVO\Desktop\scala\Scala\labsheet01)
2024.07.23 06:08:46 INFO  Attempting to connect to the build server...
2024.07.23 06:08:46 INFO  Running BSP server List(C:\Users\LENOVO\AppData\Local\Coursier\data\bin\.scala-cli.aux.exe, bsp, --json-options, C:\Users\LENOVO\Desktop\scala\Scala\labsheet01\.scala-build\ide-options-v2.json, --json-launcher-options, C:\Users\LENOVO\Desktop\scala\Scala\labsheet01\.scala-build\ide-launcher-options.json, --envs-file, C:\Users\LENOVO\Desktop\scala\Scala\labsheet01\.scala-build\ide-envs.json, C:\Users\LENOVO\Desktop\scala\Scala\labsheet01)
2024.07.23 06:08:46 INFO  tracing is disabled for protocol BSP, to enable tracing of incoming and outgoing JSON messages create an empty file at C:\Users\LENOVO\Desktop\scala\Scala\labsheet01\.metals\bsp.trace.json or C:\Users\LENOVO\AppData\Local\scalameta\metals\cache\bsp.trace.json
2024.07.23 06:08:50 INFO  BSP server: Starting compilation server
2024.07.23 06:08:57 INFO  time: Connected to build server in 11s
2024.07.23 06:08:57 INFO  Connected to Build server: scala-cli v1.4.0
2024.07.23 06:08:59 INFO  compiling labsheet01_f4dd477a3a (1 scala source)
2024.07.23 06:09:03 INFO  time: Imported build in 5.09s
2024.07.23 06:09:03 INFO  running doctor check
2024.07.23 06:09:03 INFO  java targets: labsheet01_f4dd477a3a-test, labsheet01_f4dd477a3a
2024.07.23 06:09:08 WARN  Flyway upgrade recommended: H2 2.2.224 is newer than this version of Flyway and support has not been tested. The latest supported version of H2 is 2.2.220.
2024.07.23 06:09:10 INFO  time: indexed workspace in 7.58s
2024.07.23 06:11:09 INFO  compiling labsheet01_f4dd477a3a (1 scala source)
2024.07.23 06:11:09 INFO  time: compiled labsheet01_f4dd477a3a in 0.91s
2024.07.23 06:11:48 INFO  compiling labsheet01_f4dd477a3a (1 scala source)
2024.07.23 06:11:48 INFO  time: compiled labsheet01_f4dd477a3a in 0.33s
2024.07.23 06:11:50 INFO  compiling labsheet01_f4dd477a3a (1 scala source)
2024.07.23 06:11:50 INFO  time: compiled labsheet01_f4dd477a3a in 0.35s
2024.07.23 06:11:52 INFO  compiling labsheet01_f4dd477a3a (1 scala source)
2024.07.23 06:11:52 INFO  time: compiled labsheet01_f4dd477a3a in 0.47s
2024.07.23 06:11:53 INFO  compiling labsheet01_f4dd477a3a (1 scala source)
2024.07.23 06:11:53 INFO  time: compiled labsheet01_f4dd477a3a in 0.24s
2024.07.23 06:12:07 INFO  compiling labsheet01_f4dd477a3a (1 scala source)
2024.07.23 06:12:07 INFO  time: compiled labsheet01_f4dd477a3a in 0.22s
2024.07.23 06:12:09 INFO  compiling labsheet01_f4dd477a3a (1 scala source)
2024.07.23 06:12:09 INFO  time: compiled labsheet01_f4dd477a3a in 0.18s
2024.07.23 06:12:37 INFO  compiling labsheet01_f4dd477a3a (1 scala source)
2024.07.23 06:12:37 INFO  time: compiled labsheet01_f4dd477a3a in 0.6s
2024.07.23 06:12:50 INFO  compiling labsheet01_f4dd477a3a (1 scala source)
2024.07.23 06:12:50 INFO  time: compiled labsheet01_f4dd477a3a in 0.18s
2024.07.23 06:12:51 INFO  compiling labsheet01_f4dd477a3a (1 scala source)
2024.07.23 06:12:51 INFO  time: compiled labsheet01_f4dd477a3a in 0.21s
2024.07.23 06:12:52 INFO  compiling labsheet01_f4dd477a3a (1 scala source)
2024.07.23 06:12:52 INFO  time: compiled labsheet01_f4dd477a3a in 0.19s
2024.07.23 06:13:44 INFO  Shutting down server
2024.07.23 06:13:44 INFO  shutting down Metals
2024.07.23 06:13:44 INFO  Shut down connection with build server.
2024.07.23 06:13:44 INFO  Exiting server
